<?xml version="1.0" encoding="UTF-8"?>
<!-- Generated by org.testng.reporters.JUnitXMLReporter -->
<testsuite hostname="Prav_Admin_003" ignored="1" name="Default test" tests="1" failures="0" timestamp="06 Jun 2018 11:07:15 GMT" time="0.139" errors="0">
  <testcase name="raj" time="0.015" classname="com.code.rajesh123.maven.Home.TC_002"/>
  <testcase name="raj1" time="0.0" classname="com.code.rajesh123.maven.Home.TC_002">
    <ignored/>
  </testcase> <!-- raj1 -->
</testsuite> <!-- Default test -->
