<?xml version="1.0" encoding="UTF-8"?>
<testng-results skipped="0" failed="0" ignored="1" total="2" passed="1">
  <reporter-output>
  </reporter-output>
  <suite name="Default suite" duration-ms="139" started-at="2018-06-06T11:07:15Z" finished-at="2018-06-06T11:07:15Z">
    <groups>
    </groups>
    <test name="Default test" duration-ms="139" started-at="2018-06-06T11:07:15Z" finished-at="2018-06-06T11:07:15Z">
      <class name="com.code.rajesh123.maven.Home.TC_002">
        <test-method status="PASS" signature="raj()[pri:0, instance:com.code.rajesh123.maven.Home.TC_002@13a4b84]" name="raj" duration-ms="15" started-at="2018-06-06T11:07:15Z" finished-at="2018-06-06T11:07:15Z">
          <reporter-output>
          </reporter-output>
        </test-method> <!-- raj -->
      </class> <!-- com.code.rajesh123.maven.Home.TC_002 -->
    </test> <!-- Default test -->
  </suite> <!-- Default suite -->
</testng-results>
