<?xml version="1.0" encoding="UTF-8"?>
<testng-results skipped="0" failed="0" ignored="0" total="1" passed="1">
  <reporter-output>
  </reporter-output>
  <suite name="Default suite" duration-ms="31" started-at="2018-06-05T07:26:14Z" finished-at="2018-06-05T07:26:14Z">
    <groups>
    </groups>
    <test name="Default test" duration-ms="31" started-at="2018-06-05T07:26:14Z" finished-at="2018-06-05T07:26:14Z">
      <class name="com.code.rajesh123.maven.Home.TC_001">
        <test-method status="PASS" signature="test()[pri:0, instance:com.code.rajesh123.maven.Home.TC_001@7c7811]" name="test" is-config="true" duration-ms="16" started-at="2018-06-05T07:26:14Z" finished-at="2018-06-05T07:26:14Z">
          <reporter-output>
          </reporter-output>
        </test-method> <!-- test -->
        <test-method status="PASS" signature="login()[pri:0, instance:com.code.rajesh123.maven.Home.TC_001@7c7811]" name="login" duration-ms="15" started-at="2018-06-05T07:26:14Z" finished-at="2018-06-05T07:26:14Z">
          <reporter-output>
          </reporter-output>
        </test-method> <!-- login -->
        <test-method status="PASS" signature="end()[pri:0, instance:com.code.rajesh123.maven.Home.TC_001@7c7811]" name="end" is-config="true" duration-ms="0" started-at="2018-06-05T07:26:14Z" finished-at="2018-06-05T07:26:14Z">
          <reporter-output>
          </reporter-output>
        </test-method> <!-- end -->
      </class> <!-- com.code.rajesh123.maven.Home.TC_001 -->
    </test> <!-- Default test -->
  </suite> <!-- Default suite -->
</testng-results>
